Thru_HS_t_RetrieveHumidityData_a = 0.1423108885746560
Thru_SHS_t_RetrieveSoilHumidityData_a = 0.1429370564843845
Thru_arrival = 0.1598653869891620
Thru_TS_t_RetrieveTemperatureData_a = 0.1310896173311128
Thru_TS1_t_RetrieveTemperatureData_a = 0.1310896173311127
Thru_copy_HS_t_RetrieveHumidityData_a = 0.1423108885746561
Thru_copy_SHS_t_RetrieveSoilHumidityData_a = 0.1429370564843845
Thru_copy_DB_t_RetrieveEnvironmentThresholds_a = 0.1468249444207597
Thru_DB_t_RetrieveSoilHumidityThreshold_a = 0.0000000000000000
Thru_DB_t_RetrieveTemperatureThreshold_a = 0.0000000000000000
Thru_DB_t_RetrieveHumidityThreshold_a = 0.0000000000000000
Thru_DB_t_RetrieveEnvironmentThresholds_a = 0.1468249444207597
Thru_GC_t2_StandBy = 0.1598653869891620
Thru_GC_t_triggerEnvironmentCheck = 0.1598653869891620
Thru_GC_t_BeginEnvironmentCheck = 0.1598653869891620
Thru_GC_t1_StandBy = 0.0000000000000000
Thru_GC_t_triggerTemperatureCheck = 0.0000000000000000
Thru_GC_t_BeginTemperatureCheck = 0.0000000000000000
Thru_GC_t3_StandBy = 0.0000000000000000
Thru_GC_t_monitorHumidity = 0.0000000000000000
Thru_GC_t_BeginHumidityMonitoring = 0.0000000000000000
Thru_GC_t_getTemperatureData = 0.0000000000000000
Thru_GC_t_CheckTemperature = 0.0000000000000000
Thru_GC_t_getTemperatureThreshold = 0.0000000000000000
Thru_GC_t1_CheckTemperatureThreshold_a = 0.0000000000000000
Thru_GC_t2_CheckTemperatureThreshold_a = 0.0000000000000000
Thru_GC_t_raiseTemperature = 0.0000000000000000
Thru_GC_t_decreaseTemperature = 0.0000000000000000
Thru_GC_t_getTemperatureData2 = 0.1598653869891620
Thru_GC_t_EnvCheckTemperature = 0.1546857484507131
Thru_GC_t_getHumidityData2 = 0.1546857484507131
Thru_GC_t_EnvCheckHumidity = 0.1536957596606285
Thru_GC_t_getSoilHumidityData2 = 0.1536957596606285
Thru_GC_t_EnvCheckSoilHumidity = 0.1529426504382914
Thru_GC_t_getEnvironmentThresholds = 0.1529426504382914
Thru_GC_t_CheckEnvironmentThresholds = 0.1526979421975900
Thru_GC_t_getHumidityData = 0.0000000000000000
Thru_GC_t_CheckHumidity = 0.0000000000000000
Thru_GC_t_getHumidityThreshold = 0.0000000000000000
Thru_GC_t_CheckHumidityThreshold = 0.0000000000000000
Thru_GC_t_notify = 0.0000000000000000
Thru_GC_t_NotifyMobileApp = 0.0000000000000000
Thru_HS_t_StandBy = 0.1423108885746561
Thru_HS_t_RetrieveHumidityData = 0.1423108885746560
Thru_HS_t_getHumidityData = 0.1423108885746561
Thru_HS_t_getHumidityData_loss = 0.0123748598760571
Thru_SHS_t_StandBy = 0.1429370564843845
Thru_SHS_t_RetrieveSoilHumidityData = 0.1429370564843845
Thru_SHS_t_getSoilHumidityData = 0.1429370564843845
Thru_SHS_t_getSoilHumidityData_loss = 0.0107587031762440
Thru_TS_t_StandBy = 0.1310896173311128
Thru_TS_t_RetrieveTemperatureData = 0.1310896173311128
Thru_TS_t_getTemperatureData = 0.1310896173311128
Thru_TS_t_getTemperatureData_loss = 0.0287757696580492
Thru_trig_t_getTemperatureData = 0.1598653869891620
Thru_DSB_t_StandBy = 0.1598653869891620
Thru_DSB_t_input = 0.1598653869891620
Thru_BKP_t_noerrors = 0.0268733715528782
Thru_BKP_t_errors = 0.1042162457782346
Thru_BKP_t_DiscardOutput = 0.0268733715528782
Thru_BKP_t_SendOutput = 0.0235961311196003
Thru_DSB_t_SendInput = 0.1598653869891620
Thru_t_SendInput_PMR = 0.1598653869891620
Thru_t_SendOutput_BKP = 0.1598653869891620
Thru_t_NoErrors = 0.1310896173311128
Thru_TS1_t_StandBy = 0.1310896173311128
Thru_TS1_t2_DiscardOrSend = 0.1042162457782346
Thru_TS1_t_getTemperatureData = 0.1310896173311128
Thru_TS1_t_getTemperatureData_loss = 0.0287757696580492
Thru_TS1_t1_DiscardOrSend = 0.0268733715528782
Thru_TS1_t_RetrieveTemperatureData = 0.1310896173311127
Thru_copy_trig_t_getTemperatureData = 0.1546857484507131
Thru_copy_DSB_t_StandBy = 0.1546857484507131
Thru_copy_DSB_t_input = 0.1546857484507131
Thru_copy_DSB_t_SendInput = 0.1546857484507131
Thru_copy_t_SendInput_PMR = 0.1546857484507131
Thru_copy_t_SendOutput_BKP = 0.1546857484507131
Thru_copy_t_NoErrors = 0.1423108885746560
Thru_copy_HS_t_StandBy = 0.1423108885746561
Thru_copy_HS_t_RetrieveHumidityData = 0.1423108885746561
Thru_copy_HS_t_getHumidityData = 0.1423108885746561
Thru_copy_HS_t_getHumidityData_loss = 0.0123748598760571
Thru_copy_BKP_t_noerrors = 0.0327315043721709
Thru_copy_BKP_t_errors = 0.1095793842024852
Thru_copy_BKP_t_DiscardOutput = 0.0327315043721709
Thru_copy_BKP_t_SendOutput = 0.0113848710859725
Thru_copy_TS1_t2_DiscardOrSend = 0.1095793842024852
Thru_copy_TS1_t1_DiscardOrSend = 0.0327315043721709
Thru_copy_copy_trig_t_getTemperatureData = 0.1536957596606285
Thru_copy_copy_DSB_t_StandBy = 0.1536957596606285
Thru_copy_copy_DSB_t_input = 0.1536957596606285
Thru_copy_copy_DSB_t_SendInput = 0.1536957596606285
Thru_copy_copy_t_SendInput_PMR = 0.1536957596606285
Thru_copy_copy_t_SendOutput_BKP = 0.1536957596606285
Thru_copy_SHS_t_StandBy = 0.1429370564843845
Thru_copy_SHS_t_RetrieveSoilHumidityData = 0.1429370564843845
Thru_copy_SHS_t_getSoilHumidityData = 0.1429370564843845
Thru_copy_SHS_t_getSoilHumidityData_loss = 0.0107587031762440
Thru_copy_copy_t_NoErrors = 0.1429370564843845
Thru_copy_copy_BKP_t_noerrors = 0.0332328656326194
Thru_copy_copy_BKP_t_errors = 0.1097041908517651
Thru_copy_copy_BKP_t_DiscardOutput = 0.0000000000000000
Thru_copy_copy_BKP_t_SendOutput = 0.1097041908517651
Thru_copy_copy_TS1_t2_DiscardOrSend = 0.1097041908517651
Thru_copy_copy_TS1_t1_DiscardOrSend = 0.0332328656326194
Thru_t_getEnvironmentThresholds = 0.1529426504382914
Thru_copy_copy_copy_trig_t_getTemperatureData = 0.1529426504382914
Thru_copy_copy_copy_DSB_t_StandBy = 0.1529426504382914
Thru_copy_copy_copy_DSB_t_input = 0.1529426504382914
Thru_copy_copy_copy_DSB_t_SendInput = 0.1529426504382914
Thru_t_SendInput_BKP = 0.1529426504382914
Thru_copy_DB_t4_StandBy = 0.1468249444207597
Thru_copy_DB_t_RetrieveEnvironmentThresholds = 0.1468249444207597
Thru_copy_DB_t_getEnvironmentThresholds = 0.1468249444207597
Thru_copy_DB_t_getEnvironmentThresholds_loss = 0.0061177060175317
Thru_CMR_t_StandBy = 0.2936498888415192
Thru_CMR_t_outputreceived = 0.2936498888415192
Thru_CMR_t_Compare = 0.1526979421975900
Thru_DB_t3_StandBy = 0.0000000000000000
Thru_DB_t_RetrieveSoilHumidityThreshold = 0.0000000000000000
Thru_DB_t_getSoilHumidityThreshold = 0.0000000000000000
Thru_DB_t_getSoilHumidityThreshold_loss = 0.0000000000000000
Thru_DB_t1_StandBy = 0.0000000000000000
Thru_DB_t_tRetrieveTemperatureThreshold = 0.0000000000000000
Thru_DB_t_getTemperatureThreshold = 0.0000000000000000
Thru_DB_t_getTemperatureThreshold_loss = 0.0000000000000000
Thru_DB_t2_StandBy = 0.0000000000000000
Thru_DB_t_RetrieveHumidityThreshold = 0.0000000000000000
Thru_DB_t_getHumidityThreshold = 0.0000000000000000
Thru_DB_t_getHumidityThreshold_loss = 0.0000000000000000
Thru_DB_t4_StandBy = 0.1468249444207597
Thru_DB_t_RetrieveEnvironmentThresholds = 0.1468249444207597
Thru_DB_t_getEnvironmentThresholds = 0.1468249444207597
Thru_DB_t_getEnvironmentThresholds_loss = 0.0061177060175317
Thru_copy_copy_copy_t_SendInput_PMR = 0.1529426504382914
