Thru_TS_t_RetrieveTemperatureData_a = 0.0427688111052869
Thru_DB_t_RetrieveSoilHumidityThreshold_a = 0.0000000000000000
Thru_DB_t_RetrieveTemperatureThreshold_a = 0.0213844055526434
Thru_DB_t_RetrieveHumidityThreshold_a = 0.0000000000000000
Thru_DB_t_RetrieveEnvironmentThresholds_a = 0.0000000000000000
Thru_AC_t_DecreaseTemperature_a = 0.0082329961377677
Thru_AC_t_RaiseTemperature_a = 0.0082329961377677
Thru_arrival = 0.0521570867137645
Thru_GC_t2_StandBy = 0.0000000000000000
Thru_GC_t_RetrieveSoilHumidityThreshold = 0.0000000000000000
Thru_GC_t_triggerEnvironmentCheck = 0.0000000000000000
Thru_GC_t_triggerEnvironmentCheck_loss = 0.0000000000000000
Thru_GC_t_BeginEnvironmentCheck = 0.0000000000000000
Thru_GC_t1_StandBy = 0.0521570867137645
Thru_GC_t_triggerTemperatureCheck = 0.0521570867137645
Thru_GC_t_BeginTemperatureCheck = 0.0521570867137645
Thru_GC_t3_StandBy = 0.0000000000000000
Thru_GC_t_monitorHumidity = 0.0000000000000000
Thru_GC_t_monitorHumidity_loss = 0.0000000000000000
Thru_GC_t_BeginHumidityMonitoring = 0.0000000000000000
Thru_GC_t_getTemperatureData = 0.0521570867137645
Thru_GC_t_CheckTemperature = 0.0427688111052869
Thru_GC_t_getTemperatureThreshold = 0.0427688111052869
Thru_GC_t1_CheckTemperatureThreshold_a = 0.0106922027763217
Thru_GC_t2_CheckTemperatureThreshold_a = 0.0106922027763217
Thru_GC_t_raiseTemperature = 0.0106922027763217
Thru_GC_t_decreaseTemperature = 0.0106922027763217
Thru_GC_t_getTemperatureData2 = 0.0000000000000000
Thru_GC_t_getTemperatureData_loss2 = 0.0000000000000000
Thru_GC_t_EnvCheckTemperature = 0.0000000000000000
Thru_GC_t_getHumidityData2 = 0.0000000000000000
Thru_GC_t_getHumidityData_loss2 = 0.0000000000000000
Thru_GC_t_EnvCheckHumidity = 0.0000000000000000
Thru_GC_t_getSoilHumidityData2 = 0.0000000000000000
Thru_GC_t_getSoilHumidityData_loss2 = 0.0000000000000000
Thru_GC_t_EnvCheckSoilHumidity = 0.0000000000000000
Thru_GC_t_getEnvironmentThresholds = 0.0000000000000000
Thru_GC_t_getEnvironmentThresholds_loss = 0.0000000000000000
Thru_GC_t_CheckEnvironmentThresholds = 0.0000000000000000
Thru_GC_t_getHumidityData_loss = 0.0000000000000000
Thru_GC_t_getHumidityData = 0.0000000000000000
Thru_GC_t_CheckHumidity = 0.0000000000000000
Thru_GC_t_getHumidityThreshold_loss = 0.0000000000000000
Thru_GC_t_getHumidityThreshold = 0.0000000000000000
Thru_GC_t_CheckHumidityThreshold = 0.0000000000000000
Thru_GC_t_notify_loss = 0.0000000000000000
Thru_GC_t_notify = 0.0000000000000000
Thru_GC_t_NotifyMobileApp = 0.0000000000000000
Thru_TS_t_StandBy = 0.0427688111052869
Thru_TS_t_RetrieveTemperatureData = 0.0427688111052869
Thru_TS_t_getTemperatureData = 0.0427688111052869
Thru_TS_t_getTemperatureData_loss = 0.0093882756084776
Thru_DB_t3_StandBy = 0.0000000000000000
Thru_DB_t_RetrieveSoilHumidityThreshold = 0.0000000000000000
Thru_DB_t_getSoilHumidityThreshold = 0.0000000000000000
Thru_DB_t_getSoilHumidityThreshold_loss = 0.0000000000000000
Thru_DB_t1_StandBy = 0.0213844055526434
Thru_DB_t_tRetrieveTemperatureThreshold = 0.0213844055526434
Thru_DB_t_getTemperatureThreshold = 0.0213844055526434
Thru_DB_t_getTemperatureThreshold_loss = 0.0213844055526434
Thru_DB_t2_StandBy = 0.0000000000000000
Thru_DB_t_RetrieveHumidityThreshold = 0.0000000000000000
Thru_DB_t_getHumidityThreshold = 0.0000000000000000
Thru_DB_t_getHumidityThreshold_loss = 0.0000000000000000
Thru_DB_t4_StandBy = 0.0000000000000000
Thru_DB_t_RetrieveEnvironmentThresholds = 0.0000000000000000
Thru_DB_t_getEnvironmentThresholds = 0.0000000000000000
Thru_DB_t_getEnvironmentThresholds_loss = 0.0000000000000000
Thru_AC_t2_StandBy = 0.0082329961377677
Thru_AC_t_DecreaseTemperature = 0.0082329961377677
Thru_AC_t_decreaseTemperature = 0.0082329961377677
Thru_AC_t_decreaseTemperature_loss = 0.0024592066385540
Thru_AC_t1_StandBy = 0.0082329961377677
Thru_AC_t_RaiseTemperature = 0.0082329961377677
Thru_AC_t_raiseTemperature = 0.0082329961377677
Thru_AC_t_raiseTemperature_loss = 0.0024592066385540
Thru_trig_t_getTemperatureData = 0.0521570867137645
Thru_trig_t_getTemperatureThreshold = 0.0427688111052869
Thru_trig_t_raiseTemperature = 0.0106922027763217
Thru_trig_t_decreaseTemperature = 0.0106922027763217
