Thru_TS_t_RetrieveTemperatureData_a = 0.0494559729908557
Thru_DB_t_RetrieveSoilHumidityThreshold_a = 0.0000000000000000
Thru_DB_t_RetrieveTemperatureThreshold_a = 0.0212360773425802
Thru_DB_t_RetrieveHumidityThreshold_a = 0.0000000000000000
Thru_DB_t_RetrieveEnvironmentThresholds_a = 0.0000000000000000
Thru_AC_t_DecreaseTemperature_a = 0.0081758897768934
Thru_AC_t_RaiseTemperature_a = 0.0081758897768934
Thru_arrival = 0.0314608553223410
Thru_TS1_t_RetrieveTemperatureData_a = 0.0494559729908557
Thru_GC_t2_StandBy = 0.0000000000000000
Thru_GC_t_RetrieveSoilHumidityThreshold = 0.0000000000000000
Thru_GC_t_triggerEnvironmentCheck = 0.0000000000000000
Thru_GC_t_triggerEnvironmentCheck_loss = 0.0000000000000000
Thru_GC_t_BeginEnvironmentCheck = 0.0000000000000000
Thru_GC_t1_StandBy = 0.0314608553223410
Thru_GC_t_triggerTemperatureCheck = 0.0314608553223410
Thru_GC_t_BeginTemperatureCheck = 0.0314608553223410
Thru_GC_t3_StandBy = 0.0000000000000000
Thru_GC_t_monitorHumidity = 0.0000000000000000
Thru_GC_t_monitorHumidity_loss = 0.0000000000000000
Thru_GC_t_BeginHumidityMonitoring = 0.0000000000000000
Thru_GC_t_getTemperatureData = 0.0314608553223410
Thru_GC_t_CheckTemperature = 0.0235956414917558
Thru_GC_t_getTemperatureThreshold = 0.0235956414917558
Thru_GC_t1_CheckTemperatureThreshold_a = 0.0106180386712901
Thru_GC_t2_CheckTemperatureThreshold_a = 0.0106180386712901
Thru_GC_t_raiseTemperature = 0.0106180386712901
Thru_GC_t_decreaseTemperature = 0.0106180386712901
Thru_GC_t_getTemperatureData2 = 0.0000000000000000
Thru_GC_t_getTemperatureData_loss2 = 0.0000000000000000
Thru_GC_t_EnvCheckTemperature = 0.0000000000000000
Thru_GC_t_getHumidityData2 = 0.0000000000000000
Thru_GC_t_getHumidityData_loss2 = 0.0000000000000000
Thru_GC_t_EnvCheckHumidity = 0.0000000000000000
Thru_GC_t_getSoilHumidityData2 = 0.0000000000000000
Thru_GC_t_getSoilHumidityData_loss2 = 0.0000000000000000
Thru_GC_t_EnvCheckSoilHumidity = 0.0000000000000000
Thru_GC_t_getEnvironmentThresholds = 0.0000000000000000
Thru_GC_t_getEnvironmentThresholds_loss = 0.0000000000000000
Thru_GC_t_CheckEnvironmentThresholds = 0.0000000000000000
Thru_GC_t_getHumidityData_loss = 0.0000000000000000
Thru_GC_t_getHumidityData = 0.0000000000000000
Thru_GC_t_CheckHumidity = 0.0000000000000000
Thru_GC_t_getHumidityThreshold_loss = 0.0000000000000000
Thru_GC_t_getHumidityThreshold = 0.0000000000000000
Thru_GC_t_CheckHumidityThreshold = 0.0000000000000000
Thru_GC_t_notify_loss = 0.0000000000000000
Thru_GC_t_notify = 0.0000000000000000
Thru_GC_t_NotifyMobileApp = 0.0000000000000000
Thru_TS_t_StandBy = 0.0157304276611705
Thru_TS_t_RetrieveTemperatureData = 0.0494559729908557
Thru_TS_t_getTemperatureData = 0.0157304276611705
Thru_TS_t_getTemperatureData_loss = 0.0157304276611705
Thru_DB_t3_StandBy = 0.0000000000000000
Thru_DB_t_RetrieveSoilHumidityThreshold = 0.0000000000000000
Thru_DB_t_getSoilHumidityThreshold = 0.0000000000000000
Thru_DB_t_getSoilHumidityThreshold_loss = 0.0000000000000000
Thru_DB_t1_StandBy = 0.0212360773425802
Thru_DB_t_tRetrieveTemperatureThreshold = 0.0212360773425802
Thru_DB_t_getTemperatureThreshold = 0.0212360773425802
Thru_DB_t_getTemperatureThreshold_loss = 0.0023595641491756
Thru_DB_t2_StandBy = 0.0000000000000000
Thru_DB_t_RetrieveHumidityThreshold = 0.0000000000000000
Thru_DB_t_getHumidityThreshold = 0.0000000000000000
Thru_DB_t_getHumidityThreshold_loss = 0.0000000000000000
Thru_DB_t4_StandBy = 0.0000000000000000
Thru_DB_t_RetrieveEnvironmentThresholds = 0.0000000000000000
Thru_DB_t_getEnvironmentThresholds = 0.0000000000000000
Thru_DB_t_getEnvironmentThresholds_loss = 0.0000000000000000
Thru_AC_t2_StandBy = 0.0081758897768934
Thru_AC_t_DecreaseTemperature = 0.0081758897768934
Thru_AC_t_decreaseTemperature = 0.0081758897768934
Thru_AC_t_decreaseTemperature_loss = 0.0024421488943967
Thru_AC_t1_StandBy = 0.0081758897768934
Thru_AC_t_RaiseTemperature = 0.0081758897768934
Thru_AC_t_raiseTemperature = 0.0081758897768934
Thru_AC_t_raiseTemperature_loss = 0.0024421488943967
Thru_trig_t_getTemperatureData = 0.0314608553223410
Thru_trig_t_getTemperatureThreshold = 0.0235956414917558
Thru_trig_t_raiseTemperature = 0.0106180386712901
Thru_trig_t_decreaseTemperature = 0.0106180386712901
Thru_DSB_t_StandBy = 0.0314608553223410
Thru_DSB_t_input = 0.0314608553223410
Thru_DSB_t_SendInput = 0.0314608553223410
Thru_CMR_t_StandBy = 0.0989119459817114
Thru_CMR_t_outputreceived = 0.0989119459817114
Thru_CMR_t_Vote = 0.0235956414917558
Thru_t_SendInput_PMR = 0.0314608553223410
Thru_t_SendInput_BKP = 0.0314608553223410
Thru_TS1_t_StandBy = 0.0157304276611705
Thru_TS1_t_RetrieveTemperatureData = 0.0494559729908557
Thru_TS1_t_getTemperatureData = 0.0157304276611705
Thru_TS1_t_getTemperatureData_loss = 0.0157304276611705
