Thru_TS_t_RetrieveTemperatureData_a = 0.0105106593096367
Thru_DB_t_RetrieveSoilHumidityThreshold_a = 0.0000000000000000
Thru_DB_t_RetrieveTemperatureThreshold_a = 0.0172562169066734
Thru_DB_t_RetrieveHumidityThreshold_a = 0.0000000000000000
Thru_DB_t_RetrieveEnvironmentThresholds_a = 0.0000000000000000
Thru_AC_t_DecreaseTemperature_a = 0.0066436435090692
Thru_AC_t_RaiseTemperature_a = 0.0066436435090692
Thru_arrival = 0.0420426372385466
Thru_LOG_t_StoreInput_a = 0.0420426372385466
Thru_PMR_t_CheckpointToBackup_a = 0.0717594678155200
Thru_BKP_t_SaveCheckpoint_a = 0.1396366674768401
Thru_TS1_t_RetrieveTemperatureData_a = 0.0086629150311115
Thru_GC_t2_StandBy = 0.0000000000000000
Thru_GC_t_RetrieveSoilHumidityThreshold = 0.0000000000000000
Thru_GC_t_triggerEnvironmentCheck = 0.0000000000000000
Thru_GC_t_triggerEnvironmentCheck_loss = 0.0000000000000000
Thru_GC_t_BeginEnvironmentCheck = 0.0000000000000000
Thru_GC_t1_StandBy = 0.0420426372385466
Thru_GC_t_triggerTemperatureCheck = 0.0420426372385466
Thru_GC_t_BeginTemperatureCheck = 0.0420426372385466
Thru_GC_t3_StandBy = 0.0000000000000000
Thru_GC_t_monitorHumidity = 0.0000000000000000
Thru_GC_t_monitorHumidity_loss = 0.0000000000000000
Thru_GC_t_BeginHumidityMonitoring = 0.0000000000000000
Thru_GC_t_getTemperatureData = 0.0420426372385466
Thru_GC_t_CheckTemperature = 0.0191735743407482
Thru_GC_t_getTemperatureThreshold = 0.0191735743407482
Thru_GC_t1_CheckTemperatureThreshold_a = 0.0086281084533367
Thru_GC_t2_CheckTemperatureThreshold_a = 0.0086281084533367
Thru_GC_t_raiseTemperature = 0.0086281084533367
Thru_GC_t_decreaseTemperature = 0.0086281084533367
Thru_GC_t_getTemperatureData2 = 0.0000000000000000
Thru_GC_t_getTemperatureData_loss2 = 0.0000000000000000
Thru_GC_t_EnvCheckTemperature = 0.0000000000000000
Thru_GC_t_getHumidityData2 = 0.0000000000000000
Thru_GC_t_getHumidityData_loss2 = 0.0000000000000000
Thru_GC_t_EnvCheckHumidity = 0.0000000000000000
Thru_GC_t_getSoilHumidityData2 = 0.0000000000000000
Thru_GC_t_getSoilHumidityData_loss2 = 0.0000000000000000
Thru_GC_t_EnvCheckSoilHumidity = 0.0000000000000000
Thru_GC_t_getEnvironmentThresholds = 0.0000000000000000
Thru_GC_t_getEnvironmentThresholds_loss = 0.0000000000000000
Thru_GC_t_CheckEnvironmentThresholds = 0.0000000000000000
Thru_GC_t_getHumidityData_loss = 0.0000000000000000
Thru_GC_t_getHumidityData = 0.0000000000000000
Thru_GC_t_CheckHumidity = 0.0000000000000000
Thru_GC_t_getHumidityThreshold_loss = 0.0000000000000000
Thru_GC_t_getHumidityThreshold = 0.0000000000000000
Thru_GC_t_CheckHumidityThreshold = 0.0000000000000000
Thru_GC_t_notify_loss = 0.0000000000000000
Thru_GC_t_notify = 0.0000000000000000
Thru_GC_t_NotifyMobileApp = 0.0000000000000000
Thru_TS_t_RetrieveTemperatureData = 0.0105106593096367
Thru_TS_t_getTemperatureData = 0.0105106593096367
Thru_TS_t_getTemperatureData_loss = 0.0315319779289100
Thru_DB_t3_StandBy = 0.0000000000000000
Thru_DB_t_RetrieveSoilHumidityThreshold = 0.0000000000000000
Thru_DB_t_getSoilHumidityThreshold = 0.0000000000000000
Thru_DB_t_getSoilHumidityThreshold_loss = 0.0000000000000000
Thru_DB_t1_StandBy = 0.0172562169066734
Thru_DB_t_tRetrieveTemperatureThreshold = 0.0172562169066734
Thru_DB_t_getTemperatureThreshold = 0.0172562169066734
Thru_DB_t_getTemperatureThreshold_loss = 0.0019173574340748
Thru_DB_t2_StandBy = 0.0000000000000000
Thru_DB_t_RetrieveHumidityThreshold = 0.0000000000000000
Thru_DB_t_getHumidityThreshold = 0.0000000000000000
Thru_DB_t_getHumidityThreshold_loss = 0.0000000000000000
Thru_DB_t4_StandBy = 0.0000000000000000
Thru_DB_t_RetrieveEnvironmentThresholds = 0.0000000000000000
Thru_DB_t_getEnvironmentThresholds = 0.0000000000000000
Thru_DB_t_getEnvironmentThresholds_loss = 0.0000000000000000
Thru_AC_t2_StandBy = 0.0066436435090692
Thru_AC_t_DecreaseTemperature = 0.0066436435090692
Thru_AC_t_decreaseTemperature = 0.0066436435090692
Thru_AC_t_decreaseTemperature_loss = 0.0019844649442674
Thru_AC_t1_StandBy = 0.0066436435090692
Thru_AC_t_RaiseTemperature = 0.0066436435090692
Thru_AC_t_raiseTemperature = 0.0066436435090692
Thru_AC_t_raiseTemperature_loss = 0.0019844649442674
Thru_trig_t_getTemperatureThreshold = 0.0191735743407482
Thru_trig_t_raiseTemperature = 0.0086281084533367
Thru_trig_t_decreaseTemperature = 0.0086281084533367
Thru_LOG_t_StandBy = 0.0420426372385466
Thru_LOG_t_input = 0.0420426372385466
Thru_LOG_t_StoreInput = 0.0420426372385466
Thru_LOG_t2_WaitToFwd = 0.0315319779289100
Thru_LOG_t1_WaitToFwd = 0.0420426372385466
Thru_LOG_t_fwdtoprimary = 0.0420426372385466
Thru_LOG_t_fwdtobackup = 0.0315319779289100
Thru_LOG_t_SendToBackup = 0.0315319779289100
Thru_LOG_t_SendToPrimary = 0.0420426372385466
Thru_MNG_t_StandBy = 0.0420426372385466
Thru_MNG_t_inputreceived = 0.0420426372385466
Thru_MNG_t_AskPrimaryToCheckpoint = 0.0420426372385466
Thru_MNG_t2_DetectErrors = 0.0315319779289100
Thru_MNG_t1_DetectErrors = 0.0105106593096367
Thru_MNG_t_noerrors = 0.0105106593096367
Thru_MNG_t_errors = 0.0315319779289100
Thru_MNG_t_ActivateBackup = 0.0315319779289100
Thru_MNG_t_AskLogToReplay = 0.0315319779289100
Thru_PMR_t_StandBy = 0.0420426372385466
Thru_PMR_t_checkpoint = 0.0420426372385466
Thru_PMR_t_CheckpointToBackup = 0.0717594678155200
Thru_BKP_t2_StandBy = 0.0576684812211359
Thru_BKP_t1_StandBy = 0.0315319779289100
Thru_BKP_t_activate = 0.0315319779289100
Thru_BKP_t_savecheckpoint = 0.0576684812211359
Thru_BKP_t_SaveCheckpoint = 0.1396366674768401
Thru_BKP_t_WakeUp_a = 0.0315319779289100
Thru_BKP_t_WakeUp = 0.0086629150311115
Thru_PMR_t_input = 0.0105106593096367
Thru_MNG_t_AskLogToForward = 0.0420426372385466
Thru_TS1_t_RetrieveTemperatureData = 0.0086629150311115
Thru_TS1_t_getTemperatureData = 0.0086629150311115
Thru_TS1_t_getTemperatureData_loss = 0.0228690628977985
