Thru_HS_t_RetrieveHumidityData_a = 0.1500761875178575
Thru_SHS_t_RetrieveSoilHumidityData_a = 0.1507365227429362
Thru_arrival = 0.1685885601284414
Thru_TS_t_RetrieveTemperatureData_a = 0.1382426193053220
Thru_TS1_t_RetrieveTemperatureData_a = 0.1382426193053219
Thru_copy_HS_t_RetrieveHumidityData_a = 0.1500761875178575
Thru_copy_SHS_t_RetrieveSoilHumidityData_a = 0.1507365227429362
Thru_copy_DB_t_RetrieveEnvironmentThresholds_a = 0.0806440396674708
Thru_DB_t_RetrieveSoilHumidityThreshold_a = 0.0000000000000000
Thru_DB_t_RetrieveTemperatureThreshold_a = 0.0000000000000000
Thru_DB_t_RetrieveHumidityThreshold_a = 0.0000000000000000
Thru_DB_t_RetrieveEnvironmentThresholds_a = 0.0806440396674708
Thru_GC_t2_StandBy = 0.1685885601284414
Thru_GC_t_triggerEnvironmentCheck = 0.1685885601284414
Thru_GC_t_BeginEnvironmentCheck = 0.1685885601284414
Thru_GC_t1_StandBy = 0.0000000000000000
Thru_GC_t_triggerTemperatureCheck = 0.0000000000000000
Thru_GC_t_BeginTemperatureCheck = 0.0000000000000000
Thru_GC_t3_StandBy = 0.0000000000000000
Thru_GC_t_monitorHumidity = 0.0000000000000000
Thru_GC_t_BeginHumidityMonitoring = 0.0000000000000000
Thru_GC_t_getTemperatureData = 0.0000000000000000
Thru_GC_t_CheckTemperature = 0.0000000000000000
Thru_GC_t_getTemperatureThreshold = 0.0000000000000000
Thru_GC_t1_CheckTemperatureThreshold_a = 0.0000000000000000
Thru_GC_t2_CheckTemperatureThreshold_a = 0.0000000000000000
Thru_GC_t_raiseTemperature = 0.0000000000000000
Thru_GC_t_decreaseTemperature = 0.0000000000000000
Thru_GC_t_getTemperatureData2 = 0.1685885601284414
Thru_GC_t_EnvCheckTemperature = 0.1631262907802799
Thru_GC_t_getHumidityData2 = 0.1631262907802799
Thru_GC_t_EnvCheckHumidity = 0.1620822825192861
Thru_GC_t_getSoilHumidityData2 = 0.1620822825192861
Thru_GC_t_EnvCheckSoilHumidity = 0.1612880793349416
Thru_GC_t_getEnvironmentThresholds = 0.1612880793349416
Thru_GC_t_CheckEnvironmentThresholds = 0.1209660595012062
Thru_GC_t_getHumidityData = 0.0000000000000000
Thru_GC_t_CheckHumidity = 0.0000000000000000
Thru_GC_t_getHumidityThreshold = 0.0000000000000000
Thru_GC_t_CheckHumidityThreshold = 0.0000000000000000
Thru_GC_t_notify = 0.0000000000000000
Thru_GC_t_NotifyMobileApp = 0.0000000000000000
Thru_HS_t_StandBy = 0.1500761875178576
Thru_HS_t_RetrieveHumidityData = 0.1500761875178575
Thru_HS_t_getHumidityData = 0.1500761875178576
Thru_HS_t_getHumidityData_loss = 0.0130501032624224
Thru_SHS_t_StandBy = 0.1507365227429361
Thru_SHS_t_RetrieveSoilHumidityData = 0.1507365227429362
Thru_SHS_t_getSoilHumidityData = 0.1507365227429361
Thru_SHS_t_getSoilHumidityData_loss = 0.0113457597763500
Thru_TS_t_StandBy = 0.1382426193053220
Thru_TS_t_RetrieveTemperatureData = 0.1382426193053220
Thru_TS_t_getTemperatureData = 0.1382426193053220
Thru_TS_t_getTemperatureData_loss = 0.0303459408231195
Thru_trig_t_getTemperatureData = 0.1685885601284414
Thru_DSB_t_StandBy = 0.1685885601284414
Thru_DSB_t_input = 0.1685885601284414
Thru_BKP_t_noerrors = 0.0283397369575910
Thru_BKP_t_errors = 0.1099028823477310
Thru_BKP_t_DiscardOutput = 0.0283397369575910
Thru_BKP_t_SendOutput = 0.0248836714749580
Thru_DSB_t_SendInput = 0.1685885601284414
Thru_t_SendInput_PMR = 0.1685885601284414
Thru_t_SendOutput_BKP = 0.1685885601284414
Thru_t_NoErrors = 0.1382426193053220
Thru_TS1_t_StandBy = 0.1382426193053220
Thru_TS1_t2_DiscardOrSend = 0.1099028823477310
Thru_TS1_t_getTemperatureData = 0.1382426193053220
Thru_TS1_t_getTemperatureData_loss = 0.0303459408231195
Thru_TS1_t1_DiscardOrSend = 0.0283397369575910
Thru_TS1_t_RetrieveTemperatureData = 0.1382426193053219
Thru_copy_trig_t_getTemperatureData = 0.1631262907802799
Thru_copy_DSB_t_StandBy = 0.1631262907802799
Thru_copy_DSB_t_input = 0.1631262907802799
Thru_copy_DSB_t_SendInput = 0.1631262907802799
Thru_copy_t_SendInput_PMR = 0.1631262907802799
Thru_copy_t_SendOutput_BKP = 0.1631262907802799
Thru_copy_t_NoErrors = 0.1500761875178575
Thru_copy_HS_t_StandBy = 0.1500761875178576
Thru_copy_HS_t_RetrieveHumidityData = 0.1500761875178575
Thru_copy_HS_t_getHumidityData = 0.1500761875178576
Thru_copy_HS_t_getHumidityData_loss = 0.0130501032624224
Thru_copy_BKP_t_noerrors = 0.0345175231291073
Thru_copy_BKP_t_errors = 0.1155586643887503
Thru_copy_BKP_t_DiscardOutput = 0.0345175231291073
Thru_copy_BKP_t_SendOutput = 0.0120060950014286
Thru_copy_TS1_t2_DiscardOrSend = 0.1155586643887503
Thru_copy_TS1_t1_DiscardOrSend = 0.0345175231291073
Thru_copy_copy_trig_t_getTemperatureData = 0.1620822825192861
Thru_copy_copy_DSB_t_StandBy = 0.1620822825192861
Thru_copy_copy_DSB_t_input = 0.1620822825192861
Thru_copy_copy_DSB_t_SendInput = 0.1620822825192861
Thru_copy_copy_t_SendInput_PMR = 0.1620822825192861
Thru_copy_copy_t_SendOutput_BKP = 0.1620822825192861
Thru_copy_SHS_t_StandBy = 0.1507365227429361
Thru_copy_SHS_t_RetrieveSoilHumidityData = 0.1507365227429362
Thru_copy_SHS_t_getSoilHumidityData = 0.1507365227429361
Thru_copy_SHS_t_getSoilHumidityData_loss = 0.0113457597763500
Thru_copy_copy_t_NoErrors = 0.1507365227429362
Thru_copy_copy_BKP_t_noerrors = 0.0350462415377326
Thru_copy_copy_BKP_t_errors = 0.1156902812052035
Thru_copy_copy_BKP_t_DiscardOutput = 0.0000000000000000
Thru_copy_copy_BKP_t_SendOutput = 0.1156902812052035
Thru_copy_copy_TS1_t2_DiscardOrSend = 0.1156902812052035
Thru_copy_copy_TS1_t1_DiscardOrSend = 0.0350462415377326
Thru_t_getEnvironmentThresholds = 0.1612880793349416
Thru_copy_copy_copy_trig_t_getTemperatureData = 0.1612880793349416
Thru_copy_copy_copy_DSB_t_StandBy = 0.1612880793349416
Thru_copy_copy_copy_DSB_t_input = 0.1612880793349416
Thru_copy_copy_copy_DSB_t_SendInput = 0.1612880793349416
Thru_t_SendInput_BKP = 0.1612880793349416
Thru_copy_DB_t4_StandBy = 0.0806440396674708
Thru_copy_DB_t_RetrieveEnvironmentThresholds = 0.0806440396674708
Thru_copy_DB_t_getEnvironmentThresholds = 0.0806440396674708
Thru_copy_DB_t_getEnvironmentThresholds_loss = 0.0806440396674708
Thru_CMR_t_StandBy = 0.1612880793349416
Thru_CMR_t_outputreceived = 0.1612880793349416
Thru_CMR_t_Compare = 0.1209660595012062
Thru_DB_t3_StandBy = 0.0000000000000000
Thru_DB_t_RetrieveSoilHumidityThreshold = 0.0000000000000000
Thru_DB_t_getSoilHumidityThreshold = 0.0000000000000000
Thru_DB_t_getSoilHumidityThreshold_loss = 0.0000000000000000
Thru_DB_t1_StandBy = 0.0000000000000000
Thru_DB_t_tRetrieveTemperatureThreshold = 0.0000000000000000
Thru_DB_t_getTemperatureThreshold = 0.0000000000000000
Thru_DB_t_getTemperatureThreshold_loss = 0.0000000000000000
Thru_DB_t2_StandBy = 0.0000000000000000
Thru_DB_t_RetrieveHumidityThreshold = 0.0000000000000000
Thru_DB_t_getHumidityThreshold = 0.0000000000000000
Thru_DB_t_getHumidityThreshold_loss = 0.0000000000000000
Thru_DB_t4_StandBy = 0.0806440396674708
Thru_DB_t_RetrieveEnvironmentThresholds = 0.0806440396674708
Thru_DB_t_getEnvironmentThresholds = 0.0806440396674708
Thru_DB_t_getEnvironmentThresholds_loss = 0.0806440396674708
Thru_copy_copy_copy_t_SendInput_PMR = 0.1612880793349416
