Thru_TS_t_RetrieveTemperatureData_a = 0.0223609933662161
Thru_DB_t_RetrieveSoilHumidityThreshold_a = 0.0000000000000000
Thru_DB_t_RetrieveTemperatureThreshold_a = 0.0131929860860675
Thru_DB_t_RetrieveHumidityThreshold_a = 0.0000000000000000
Thru_DB_t_RetrieveEnvironmentThresholds_a = 0.0000000000000000
Thru_AC_t_DecreaseTemperature_a = 0.0076189494647040
Thru_AC_t_RaiseTemperature_a = 0.0076189494647040
Thru_arrival = 0.0272695041051416
Thru_TS1_t_RetrieveTemperatureData_a = 0.0878807303942531
Thru_copy_DB_t_RetrieveTemperatureThreshold_a = 0.0760493191698753
Thru_GC_t2_StandBy = 0.0000000000000000
Thru_GC_t_RetrieveSoilHumidityThreshold = 0.0000000000000000
Thru_GC_t_triggerEnvironmentCheck = 0.0000000000000000
Thru_GC_t_triggerEnvironmentCheck_loss = 0.0000000000000000
Thru_GC_t_BeginEnvironmentCheck = 0.0000000000000000
Thru_GC_t1_StandBy = 0.0272695041051416
Thru_GC_t_triggerTemperatureCheck = 0.0272695041051416
Thru_GC_t_BeginTemperatureCheck = 0.0272695041051416
Thru_GC_t3_StandBy = 0.0000000000000000
Thru_GC_t_monitorHumidity = 0.0000000000000000
Thru_GC_t_monitorHumidity_loss = 0.0000000000000000
Thru_GC_t_BeginHumidityMonitoring = 0.0000000000000000
Thru_GC_t_getTemperatureData = 0.0272695041051416
Thru_GC_t_CheckTemperature = 0.0263859721721350
Thru_GC_t_getTemperatureThreshold = 0.0263859721721350
Thru_GC_t1_CheckTemperatureThreshold_a = 0.0098947395645506
Thru_GC_t2_CheckTemperatureThreshold_a = 0.0098947395645506
Thru_GC_t_raiseTemperature = 0.0098947395645506
Thru_GC_t_decreaseTemperature = 0.0098947395645506
Thru_GC_t_getTemperatureData2 = 0.0000000000000000
Thru_GC_t_getTemperatureData_loss2 = 0.0000000000000000
Thru_GC_t_EnvCheckTemperature = 0.0000000000000000
Thru_GC_t_getHumidityData2 = 0.0000000000000000
Thru_GC_t_getHumidityData_loss2 = 0.0000000000000000
Thru_GC_t_EnvCheckHumidity = 0.0000000000000000
Thru_GC_t_getSoilHumidityData2 = 0.0000000000000000
Thru_GC_t_getSoilHumidityData_loss2 = 0.0000000000000000
Thru_GC_t_EnvCheckSoilHumidity = 0.0000000000000000
Thru_GC_t_getEnvironmentThresholds = 0.0000000000000000
Thru_GC_t_getEnvironmentThresholds_loss = 0.0000000000000000
Thru_GC_t_CheckEnvironmentThresholds = 0.0000000000000000
Thru_GC_t_getHumidityData_loss = 0.0000000000000000
Thru_GC_t_getHumidityData = 0.0000000000000000
Thru_GC_t_CheckHumidity = 0.0000000000000000
Thru_GC_t_getHumidityThreshold_loss = 0.0000000000000000
Thru_GC_t_getHumidityThreshold = 0.0000000000000000
Thru_GC_t_CheckHumidityThreshold = 0.0000000000000000
Thru_GC_t_notify_loss = 0.0000000000000000
Thru_GC_t_notify = 0.0000000000000000
Thru_GC_t_NotifyMobileApp = 0.0000000000000000
Thru_TS_t_StandBy = 0.0223609933662161
Thru_TS_t_RetrieveTemperatureData = 0.0223609933662161
Thru_TS_t_getTemperatureData = 0.0223609933662161
Thru_TS_t_getTemperatureData_loss = 0.0049085107389255
Thru_DB_t3_StandBy = 0.0000000000000000
Thru_DB_t_RetrieveSoilHumidityThreshold = 0.0000000000000000
Thru_DB_t_getSoilHumidityThreshold = 0.0000000000000000
Thru_DB_t_getSoilHumidityThreshold_loss = 0.0000000000000000
Thru_DB_t1_StandBy = 0.0131929860860675
Thru_DB_t_tRetrieveTemperatureThreshold = 0.0131929860860675
Thru_DB_t_getTemperatureThreshold = 0.0131929860860675
Thru_DB_t_getTemperatureThreshold_loss = 0.0131929860860675
Thru_DB_t2_StandBy = 0.0000000000000000
Thru_DB_t_RetrieveHumidityThreshold = 0.0000000000000000
Thru_DB_t_getHumidityThreshold = 0.0000000000000000
Thru_DB_t_getHumidityThreshold_loss = 0.0000000000000000
Thru_DB_t4_StandBy = 0.0000000000000000
Thru_DB_t_RetrieveEnvironmentThresholds = 0.0000000000000000
Thru_DB_t_getEnvironmentThresholds = 0.0000000000000000
Thru_DB_t_getEnvironmentThresholds_loss = 0.0000000000000000
Thru_AC_t2_StandBy = 0.0076189494647040
Thru_AC_t_DecreaseTemperature = 0.0076189494647040
Thru_AC_t_decreaseTemperature = 0.0076189494647040
Thru_AC_t_decreaseTemperature_loss = 0.0022757900998466
Thru_AC_t1_StandBy = 0.0076189494647040
Thru_AC_t_RaiseTemperature = 0.0076189494647040
Thru_AC_t_raiseTemperature = 0.0076189494647040
Thru_AC_t_raiseTemperature_loss = 0.0022757900998466
Thru_trig_t_getTemperatureData = 0.0272695041051416
Thru_trig_t_getTemperatureThreshold = 0.0263859721721350
Thru_trig_t_raiseTemperature = 0.0098947395645506
Thru_trig_t_decreaseTemperature = 0.0098947395645506
Thru_DSB_t_StandBy = 0.0272695041051416
Thru_DSB_t_input = 0.0272695041051416
Thru_BKP_t_noerrors = 0.0373438721540928
Thru_BKP_t_errors = 0.0505368582401603
Thru_BKP_t_DiscardOutput = 0.0373438721540928
Thru_BKP_t_SendOutput = 0.0040249788059189
Thru_DSB_t_SendInput = 0.0272695041051416
Thru_t_SendInput_PMR = 0.0272695041051416
Thru_t_SendOutput_BKP = 0.0272695041051416
Thru_t_NoErrors = 0.0223609933662161
Thru_TS1_t_StandBy = 0.0223609933662161
Thru_TS1_t2_DiscardOrSend = 0.0505368582401603
Thru_TS1_t_getTemperatureData = 0.0223609933662161
Thru_TS1_t_getTemperatureData_loss = 0.0049085107389255
Thru_TS1_t1_DiscardOrSend = 0.0373438721540928
Thru_TS1_t_RetrieveTemperatureData = 0.0878807303942531
Thru_copy_DSB_t_StandBy = 0.0263859721721350
Thru_copy_DSB_t_input = 0.0263859721721350
Thru_copy_DSB_t_SendInput = 0.0263859721721350
Thru_copy_t_SendInput_PMR = 0.0263859721721350
Thru_copy_t_SendOutput_BKP = 0.0263859721721350
Thru_copy_DB_t1_StandBy = 0.0131929860860675
Thru_copy_DB_t_tRetrieveTemperatureThreshold = 0.0760493191698753
Thru_copy_DB_t_getTemperatureThreshold = 0.0131929860860675
Thru_copy_DB_t_getTemperatureThreshold_loss = 0.0131929860860675
Thru_copy_trig_t_getTemperatureThreshold = 0.0263859721721350
Thru_copy_t_NoErrors = 0.0131929860860675
Thru_copy_BKP_t_noerrors = 0.0330772898026624
Thru_copy_BKP_t_errors = 0.0429720293672130
Thru_copy_BKP_t_DiscardOutput = 0.0330772898026624
Thru_copy_BKP_t_SendOutput = 0.0065964930430337
Thru_copy_TS1_t2_DiscardOrSend = 0.0429720293672130
Thru_copy_TS1_t1_DiscardOrSend = 0.0330772898026624
