Thru_arrival = 0.2279063068056470
Thru_HS_t_RetrieveHumidityData_a = 0.2096738022611952
Thru_copy_HS_t_RetrieveHumidityData_a = 0.2096738022611952
Thru_DB_t_RetrieveSoilHumidityThreshold_a = 0.0000000000000000
Thru_DB_t_RetrieveTemperatureThreshold_a = 0.0000000000000000
Thru_DB_t_RetrieveHumidityThreshold_a = 0.0000000000000000
Thru_DB_t_RetrieveEnvironmentThresholds_a = 0.2173897981844071
Thru_copy_DB_t_RetrieveEnvironmentThresholds_a = 0.1132238532210454
Thru_GC_t2_StandBy = 0.0000000000000000
Thru_GC_t_triggerEnvironmentCheck = 0.0000000000000000
Thru_GC_t_BeginEnvironmentCheck = 0.0000000000000000
Thru_GC_t1_StandBy = 0.0000000000000000
Thru_GC_t_triggerTemperatureCheck = 0.0000000000000000
Thru_GC_t_BeginTemperatureCheck = 0.0000000000000000
Thru_GC_t3_StandBy = 0.2279063068056470
Thru_GC_t_monitorHumidity = 0.2279063068056470
Thru_GC_t_BeginHumidityMonitoring = 0.2279063068056470
Thru_GC_t_getTemperatureData = 0.0000000000000000
Thru_GC_t_CheckTemperature = 0.0000000000000000
Thru_GC_t_getTemperatureThreshold = 0.0000000000000000
Thru_GC_t1_CheckTemperatureThreshold_a = 0.0000000000000000
Thru_GC_t2_CheckTemperatureThreshold_a = 0.0000000000000000
Thru_GC_t_raiseTemperature = 0.0000000000000000
Thru_GC_t_decreaseTemperature = 0.0000000000000000
Thru_GC_t_getTemperatureData2 = 0.0000000000000000
Thru_GC_t_EnvCheckTemperature = 0.0000000000000000
Thru_GC_t_getHumidityData2 = 0.0000000000000000
Thru_GC_t_EnvCheckHumidity = 0.0000000000000000
Thru_GC_t_getSoilHumidityData2 = 0.0000000000000000
Thru_GC_t_EnvCheckSoilHumidity = 0.0000000000000000
Thru_GC_t_getEnvironmentThresholds = 0.0000000000000000
Thru_GC_t_CheckEnvironmentThresholds = 0.0000000000000000
Thru_GC_t_getHumidityData = 0.2279063068056470
Thru_GC_t_CheckHumidity = 0.2264477064420908
Thru_GC_t_getHumidityThreshold = 0.2264477064420908
Thru_GC_t_CheckHumidityThreshold = 0.1109593761566245
Thru_GC_t_notify = 0.1109593761566245
Thru_GC_t_NotifyMobileApp = 0.1109593761566245
Thru_MA_t_StandBy = 0.1043018135872270
Thru_MA_t_NotifyUser = 0.1043018135872270
Thru_MA_t_notify = 0.1043018135872270
Thru_MA_t_notify_loss = 0.0066575625693975
Thru_GC_t1_CheckHumidityThreshold = 0.1109593761566245
Thru_HS_t_StandBy = 0.2096738022611953
Thru_HS_t_RetrieveHumidityData = 0.2096738022611952
Thru_HS_t_getHumidityData = 0.2096738022611953
Thru_HS_t_getHumidityData_loss = 0.0182325045444518
Thru_copy_trig_t_getTemperatureData = 0.2279063068056470
Thru_copy_DSB_t_StandBy = 0.2279063068056470
Thru_copy_DSB_t_input = 0.2279063068056470
Thru_copy_DSB_t_SendInput = 0.2279063068056470
Thru_copy_t_SendInput_PMR = 0.2279063068056470
Thru_copy_t_SendOutput_BKP = 0.2279063068056470
Thru_copy_t_NoErrors = 0.2096738022611952
Thru_copy_HS_t_StandBy = 0.2096738022611953
Thru_copy_HS_t_RetrieveHumidityData = 0.2096738022611952
Thru_copy_HS_t_getHumidityData = 0.2096738022611953
Thru_copy_HS_t_getHumidityData_loss = 0.0182325045444518
Thru_copy_BKP_t_noerrors = 0.0482249745200749
Thru_copy_BKP_t_errors = 0.1614488277411203
Thru_copy_BKP_t_DiscardOutput = 0.0482249745200749
Thru_copy_BKP_t_SendOutput = 0.0167739041808956
Thru_copy_TS1_t2_DiscardOrSend = 0.1614488277411203
Thru_copy_TS1_t1_DiscardOrSend = 0.0482249745200749
Thru_DB_t3_StandBy = 0.0000000000000000
Thru_DB_t_RetrieveSoilHumidityThreshold = 0.0000000000000000
Thru_DB_t_getSoilHumidityThreshold = 0.0000000000000000
Thru_DB_t_getSoilHumidityThreshold_loss = 0.0000000000000000
Thru_DB_t1_StandBy = 0.0000000000000000
Thru_DB_t_tRetrieveTemperatureThreshold = 0.0000000000000000
Thru_DB_t_getTemperatureThreshold = 0.0000000000000000
Thru_DB_t_getTemperatureThreshold_loss = 0.0000000000000000
Thru_DB_t2_StandBy = 0.0000000000000000
Thru_DB_t_RetrieveHumidityThreshold = 0.0000000000000000
Thru_DB_t_getHumidityThreshold = 0.0000000000000000
Thru_DB_t_getHumidityThreshold_loss = 0.0000000000000000
Thru_DB_t4_StandBy = 0.2173897981844072
Thru_DB_t_RetrieveEnvironmentThresholds = 0.2173897981844071
Thru_DB_t_getEnvironmentThresholds = 0.2173897981844072
Thru_DB_t_getEnvironmentThresholds_loss = 0.0090579082576836
Thru_t_getEnvironmentThresholds = 0.2264477064420908
Thru_copy_copy_copy_trig_t_getTemperatureData = 0.2264477064420908
Thru_copy_copy_copy_DSB_t_StandBy = 0.2264477064420908
Thru_copy_copy_copy_DSB_t_input = 0.2264477064420908
Thru_copy_copy_copy_DSB_t_SendInput = 0.2264477064420908
Thru_copy_copy_copy_t_SendInput_PMR = 0.2264477064420908
Thru_t_SendInput_BKP = 0.2264477064420908
Thru_copy_DB_t4_StandBy = 0.1132238532210454
Thru_copy_DB_t_RetrieveEnvironmentThresholds = 0.1132238532210454
Thru_copy_DB_t_getEnvironmentThresholds = 0.1132238532210454
Thru_copy_DB_t_getEnvironmentThresholds_loss = 0.1132238532210454
Thru_CMR_t_StandBy = 0.3306136514054526
Thru_CMR_t_outputreceived = 0.3306136514054526
Thru_CMR_t_Compare = 0.2219187523132490
